[2021-12-27T12:09:25,118][INFO ][logstash.runner          ] Log4j configuration path used is: /home/choihm9903/elastic/logstash/config/log4j2.properties
[2021-12-27T12:09:25,131][INFO ][logstash.runner          ] Starting Logstash {"logstash.version"=>"7.16.2", "jruby.version"=>"jruby 9.2.20.1 (2.5.8) 2021-11-30 2a2962fbd1 OpenJDK 64-Bit Server VM 11.0.13+8 on 11.0.13+8 +indy +jit [linux-x86_64]"}
[2021-12-27T12:09:25,173][INFO ][logstash.settings        ] Creating directory {:setting=>"path.queue", :path=>"/home/choihm9903/elastic/logstash/data/queue"}
[2021-12-27T12:09:25,188][INFO ][logstash.settings        ] Creating directory {:setting=>"path.dead_letter_queue", :path=>"/home/choihm9903/elastic/logstash/data/dead_letter_queue"}
[2021-12-27T12:09:25,659][FATAL][org.logstash.Logstash    ] Logstash stopped processing because of an error: (SystemExit) exit
org.jruby.exceptions.SystemExit: (SystemExit) exit
	at org.jruby.RubyKernel.exit(org/jruby/RubyKernel.java:747) ~[jruby-complete-9.2.20.1.jar:?]
	at org.jruby.RubyKernel.exit(org/jruby/RubyKernel.java:710) ~[jruby-complete-9.2.20.1.jar:?]
	at home.choihm9903.elastic.logstash.lib.bootstrap.environment.<main>(/home/choihm9903/elastic/logstash/lib/bootstrap/environment.rb:94) ~[?:?]
[2021-12-27T12:13:35,713][INFO ][logstash.runner          ] Log4j configuration path used is: /home/choihm9903/elastic/logstash/config/log4j2.properties
[2021-12-27T12:13:35,724][INFO ][logstash.runner          ] Starting Logstash {"logstash.version"=>"7.16.2", "jruby.version"=>"jruby 9.2.20.1 (2.5.8) 2021-11-30 2a2962fbd1 OpenJDK 64-Bit Server VM 11.0.13+8 on 11.0.13+8 +indy +jit [linux-x86_64]"}
[2021-12-27T12:13:36,154][WARN ][logstash.config.source.multilocal] Ignoring the 'pipelines.yml' file because modules or command line options are specified
[2021-12-27T12:13:36,188][INFO ][logstash.agent           ] No persistent UUID file found. Generating new UUID {:uuid=>"0c089fcd-d497-4f0d-8b67-e507a8a8dcd8", :path=>"/home/choihm9903/elastic/logstash/data/uuid"}
[2021-12-27T12:13:37,954][INFO ][logstash.agent           ] Successfully started Logstash API endpoint {:port=>9600, :ssl_enabled=>false}
[2021-12-27T12:13:38,710][INFO ][org.reflections.Reflections] Reflections took 146 ms to scan 1 urls, producing 119 keys and 417 values 
[2021-12-27T12:13:39,719][ERROR][logstash.plugins.registry] Unable to load plugin. {:type=>"output", :name=>"stout"}
[2021-12-27T12:13:39,737][ERROR][logstash.agent           ] Failed to execute action {:action=>LogStash::PipelineAction::Create/pipeline_id:main, :exception=>"Java::JavaLang::IllegalStateException", :message=>"Unable to configure plugins: (PluginLoadingError) Couldn't find any output plugin named 'stout'. Are you sure this is correct? Trying to load the stout output plugin resulted in this error: Unable to load the requested plugin named stout of type output. The plugin is not installed.", :backtrace=>["org.logstash.config.ir.CompiledPipeline.<init>(CompiledPipeline.java:119)", "org.logstash.execution.JavaBasePipelineExt.initialize(JavaBasePipelineExt.java:86)", "org.logstash.execution.JavaBasePipelineExt$INVOKER$i$1$0$initialize.call(JavaBasePipelineExt$INVOKER$i$1$0$initialize.gen)", "org.jruby.internal.runtime.methods.JavaMethod$JavaMethodN.call(JavaMethod.java:837)", "org.jruby.ir.runtime.IRRuntimeHelpers.instanceSuper(IRRuntimeHelpers.java:1169)", "org.jruby.ir.runtime.IRRuntimeHelpers.instanceSuperSplatArgs(IRRuntimeHelpers.java:1156)", "org.jruby.ir.targets.InstanceSuperInvokeSite.invoke(InstanceSuperInvokeSite.java:39)", "home.choihm9903.elastic.logstash.logstash_minus_core.lib.logstash.java_pipeline.RUBY$method$initialize$0(/home/choihm9903/elastic/logstash/logstash-core/lib/logstash/java_pipeline.rb:47)", "org.jruby.internal.runtime.methods.CompiledIRMethod.call(CompiledIRMethod.java:80)", "org.jruby.internal.runtime.methods.MixedModeIRMethod.call(MixedModeIRMethod.java:70)", "org.jruby.runtime.callsite.CachingCallSite.cacheAndCall(CachingCallSite.java:333)", "org.jruby.runtime.callsite.CachingCallSite.call(CachingCallSite.java:87)", "org.jruby.RubyClass.newInstance(RubyClass.java:939)", "org.jruby.RubyClass$INVOKER$i$newInstance.call(RubyClass$INVOKER$i$newInstance.gen)", "org.jruby.ir.targets.InvokeSite.invoke(InvokeSite.java:207)", "home.choihm9903.elastic.logstash.logstash_minus_core.lib.logstash.pipeline_action.create.RUBY$method$execute$0(/home/choihm9903/elastic/logstash/logstash-core/lib/logstash/pipeline_action/create.rb:52)", "home.choihm9903.elastic.logstash.logstash_minus_core.lib.logstash.pipeline_action.create.RUBY$method$execute$0$__VARARGS__(/home/choihm9903/elastic/logstash/logstash-core/lib/logstash/pipeline_action/create.rb:50)", "org.jruby.internal.runtime.methods.CompiledIRMethod.call(CompiledIRMethod.java:80)", "org.jruby.internal.runtime.methods.MixedModeIRMethod.call(MixedModeIRMethod.java:70)", "org.jruby.ir.targets.InvokeSite.invoke(InvokeSite.java:207)", "home.choihm9903.elastic.logstash.logstash_minus_core.lib.logstash.agent.RUBY$block$converge_state$2(/home/choihm9903/elastic/logstash/logstash-core/lib/logstash/agent.rb:383)", "org.jruby.runtime.CompiledIRBlockBody.callDirect(CompiledIRBlockBody.java:138)", "org.jruby.runtime.IRBlockBody.call(IRBlockBody.java:58)", "org.jruby.runtime.IRBlockBody.call(IRBlockBody.java:52)", "org.jruby.runtime.Block.call(Block.java:139)", "org.jruby.RubyProc.call(RubyProc.java:318)", "org.jruby.internal.runtime.RubyRunnable.run(RubyRunnable.java:105)", "java.base/java.lang.Thread.run(Thread.java:829)"]}
[2021-12-27T12:13:39,751][ERROR][logstash.agent           ] An exception happened when converging configuration {:exception=>LogStash::Error, :message=>"Don't know how to handle `Java::JavaLang::IllegalStateException` for `PipelineAction::Create<main>`"}
[2021-12-27T12:13:39,763][FATAL][logstash.runner          ] An unexpected error occurred! {:error=>#<LogStash::Error: Don't know how to handle `Java::JavaLang::IllegalStateException` for `PipelineAction::Create<main>`>, :backtrace=>["org/logstash/execution/ConvergeResultExt.java:135:in `create'", "org/logstash/execution/ConvergeResultExt.java:60:in `add'", "/home/choihm9903/elastic/logstash/logstash-core/lib/logstash/agent.rb:396:in `block in converge_state'"]}
[2021-12-27T12:13:39,773][FATAL][org.logstash.Logstash    ] Logstash stopped processing because of an error: (SystemExit) exit
org.jruby.exceptions.SystemExit: (SystemExit) exit
	at org.jruby.RubyKernel.exit(org/jruby/RubyKernel.java:747) ~[jruby-complete-9.2.20.1.jar:?]
	at org.jruby.RubyKernel.exit(org/jruby/RubyKernel.java:710) ~[jruby-complete-9.2.20.1.jar:?]
	at home.choihm9903.elastic.logstash.lib.bootstrap.environment.<main>(/home/choihm9903/elastic/logstash/lib/bootstrap/environment.rb:94) ~[?:?]
[2021-12-27T12:15:18,549][INFO ][logstash.runner          ] Log4j configuration path used is: /home/choihm9903/elastic/logstash/config/log4j2.properties
[2021-12-27T12:15:18,563][INFO ][logstash.runner          ] Starting Logstash {"logstash.version"=>"7.16.2", "jruby.version"=>"jruby 9.2.20.1 (2.5.8) 2021-11-30 2a2962fbd1 OpenJDK 64-Bit Server VM 11.0.13+8 on 11.0.13+8 +indy +jit [linux-x86_64]"}
[2021-12-27T12:15:19,018][WARN ][logstash.config.source.multilocal] Ignoring the 'pipelines.yml' file because modules or command line options are specified
[2021-12-27T12:15:21,024][INFO ][logstash.agent           ] Successfully started Logstash API endpoint {:port=>9600, :ssl_enabled=>false}
[2021-12-27T12:15:21,863][INFO ][org.reflections.Reflections] Reflections took 124 ms to scan 1 urls, producing 119 keys and 417 values 
[2021-12-27T12:15:22,883][ERROR][logstash.plugins.registry] Unable to load plugin. {:type=>"output", :name=>"stout"}
[2021-12-27T12:15:22,896][ERROR][logstash.agent           ] Failed to execute action {:action=>LogStash::PipelineAction::Create/pipeline_id:main, :exception=>"Java::JavaLang::IllegalStateException", :message=>"Unable to configure plugins: (PluginLoadingError) Couldn't find any output plugin named 'stout'. Are you sure this is correct? Trying to load the stout output plugin resulted in this error: Unable to load the requested plugin named stout of type output. The plugin is not installed.", :backtrace=>["org.logstash.config.ir.CompiledPipeline.<init>(CompiledPipeline.java:119)", "org.logstash.execution.JavaBasePipelineExt.initialize(JavaBasePipelineExt.java:86)", "org.logstash.execution.JavaBasePipelineExt$INVOKER$i$1$0$initialize.call(JavaBasePipelineExt$INVOKER$i$1$0$initialize.gen)", "org.jruby.internal.runtime.methods.JavaMethod$JavaMethodN.call(JavaMethod.java:837)", "org.jruby.ir.runtime.IRRuntimeHelpers.instanceSuper(IRRuntimeHelpers.java:1169)", "org.jruby.ir.runtime.IRRuntimeHelpers.instanceSuperSplatArgs(IRRuntimeHelpers.java:1156)", "org.jruby.ir.targets.InstanceSuperInvokeSite.invoke(InstanceSuperInvokeSite.java:39)", "home.choihm9903.elastic.logstash.logstash_minus_core.lib.logstash.java_pipeline.RUBY$method$initialize$0(/home/choihm9903/elastic/logstash/logstash-core/lib/logstash/java_pipeline.rb:47)", "org.jruby.internal.runtime.methods.CompiledIRMethod.call(CompiledIRMethod.java:80)", "org.jruby.internal.runtime.methods.MixedModeIRMethod.call(MixedModeIRMethod.java:70)", "org.jruby.runtime.callsite.CachingCallSite.cacheAndCall(CachingCallSite.java:333)", "org.jruby.runtime.callsite.CachingCallSite.call(CachingCallSite.java:87)", "org.jruby.RubyClass.newInstance(RubyClass.java:939)", "org.jruby.RubyClass$INVOKER$i$newInstance.call(RubyClass$INVOKER$i$newInstance.gen)", "org.jruby.ir.targets.InvokeSite.invoke(InvokeSite.java:207)", "home.choihm9903.elastic.logstash.logstash_minus_core.lib.logstash.pipeline_action.create.RUBY$method$execute$0(/home/choihm9903/elastic/logstash/logstash-core/lib/logstash/pipeline_action/create.rb:52)", "home.choihm9903.elastic.logstash.logstash_minus_core.lib.logstash.pipeline_action.create.RUBY$method$execute$0$__VARARGS__(/home/choihm9903/elastic/logstash/logstash-core/lib/logstash/pipeline_action/create.rb:50)", "org.jruby.internal.runtime.methods.CompiledIRMethod.call(CompiledIRMethod.java:80)", "org.jruby.internal.runtime.methods.MixedModeIRMethod.call(MixedModeIRMethod.java:70)", "org.jruby.ir.targets.InvokeSite.invoke(InvokeSite.java:207)", "home.choihm9903.elastic.logstash.logstash_minus_core.lib.logstash.agent.RUBY$block$converge_state$2(/home/choihm9903/elastic/logstash/logstash-core/lib/logstash/agent.rb:383)", "org.jruby.runtime.CompiledIRBlockBody.callDirect(CompiledIRBlockBody.java:138)", "org.jruby.runtime.IRBlockBody.call(IRBlockBody.java:58)", "org.jruby.runtime.IRBlockBody.call(IRBlockBody.java:52)", "org.jruby.runtime.Block.call(Block.java:139)", "org.jruby.RubyProc.call(RubyProc.java:318)", "org.jruby.internal.runtime.RubyRunnable.run(RubyRunnable.java:105)", "java.base/java.lang.Thread.run(Thread.java:829)"]}
[2021-12-27T12:15:22,906][ERROR][logstash.agent           ] An exception happened when converging configuration {:exception=>LogStash::Error, :message=>"Don't know how to handle `Java::JavaLang::IllegalStateException` for `PipelineAction::Create<main>`"}
[2021-12-27T12:15:22,917][FATAL][logstash.runner          ] An unexpected error occurred! {:error=>#<LogStash::Error: Don't know how to handle `Java::JavaLang::IllegalStateException` for `PipelineAction::Create<main>`>, :backtrace=>["org/logstash/execution/ConvergeResultExt.java:135:in `create'", "org/logstash/execution/ConvergeResultExt.java:60:in `add'", "/home/choihm9903/elastic/logstash/logstash-core/lib/logstash/agent.rb:396:in `block in converge_state'"]}
[2021-12-27T12:15:22,928][FATAL][org.logstash.Logstash    ] Logstash stopped processing because of an error: (SystemExit) exit
org.jruby.exceptions.SystemExit: (SystemExit) exit
	at org.jruby.RubyKernel.exit(org/jruby/RubyKernel.java:747) ~[jruby-complete-9.2.20.1.jar:?]
	at org.jruby.RubyKernel.exit(org/jruby/RubyKernel.java:710) ~[jruby-complete-9.2.20.1.jar:?]
	at home.choihm9903.elastic.logstash.lib.bootstrap.environment.<main>(/home/choihm9903/elastic/logstash/lib/bootstrap/environment.rb:94) ~[?:?]
[2021-12-27T12:16:30,874][INFO ][logstash.runner          ] Log4j configuration path used is: /home/choihm9903/elastic/logstash/config/log4j2.properties
[2021-12-27T12:16:30,888][INFO ][logstash.runner          ] Starting Logstash {"logstash.version"=>"7.16.2", "jruby.version"=>"jruby 9.2.20.1 (2.5.8) 2021-11-30 2a2962fbd1 OpenJDK 64-Bit Server VM 11.0.13+8 on 11.0.13+8 +indy +jit [linux-x86_64]"}
[2021-12-27T12:16:31,381][WARN ][logstash.config.source.multilocal] Ignoring the 'pipelines.yml' file because modules or command line options are specified
[2021-12-27T12:16:33,489][INFO ][logstash.agent           ] Successfully started Logstash API endpoint {:port=>9600, :ssl_enabled=>false}
[2021-12-27T12:16:34,247][INFO ][org.reflections.Reflections] Reflections took 139 ms to scan 1 urls, producing 119 keys and 417 values 
[2021-12-27T12:16:35,672][INFO ][logstash.javapipeline    ][main] Starting pipeline {:pipeline_id=>"main", "pipeline.workers"=>2, "pipeline.batch.size"=>125, "pipeline.batch.delay"=>50, "pipeline.max_inflight"=>250, "pipeline.sources"=>["/home/choihm9903/elastic/logstash/workshop.conf"], :thread=>"#<Thread:0xfb2a24b run>"}
[2021-12-27T12:16:36,856][INFO ][logstash.javapipeline    ][main] Pipeline Java execution initialization time {"seconds"=>1.18}
[2021-12-27T12:16:36,951][INFO ][logstash.javapipeline    ][main] Pipeline started {"pipeline.id"=>"main"}
[2021-12-27T12:16:37,033][INFO ][logstash.agent           ] Pipelines running {:count=>1, :running_pipelines=>[:main], :non_running_pipelines=>[]}
[2021-12-27T12:17:17,854][WARN ][logstash.runner          ] SIGINT received. Shutting down.
[2021-12-27T12:17:18,027][INFO ][logstash.javapipeline    ][main] Pipeline terminated {"pipeline.id"=>"main"}
[2021-12-27T12:17:19,007][INFO ][logstash.runner          ] Logstash shut down.
[2021-12-27T12:18:22,960][INFO ][logstash.runner          ] Log4j configuration path used is: /home/choihm9903/elastic/logstash/config/log4j2.properties
[2021-12-27T12:18:22,989][INFO ][logstash.runner          ] Starting Logstash {"logstash.version"=>"7.16.2", "jruby.version"=>"jruby 9.2.20.1 (2.5.8) 2021-11-30 2a2962fbd1 OpenJDK 64-Bit Server VM 11.0.13+8 on 11.0.13+8 +indy +jit [linux-x86_64]"}
[2021-12-27T12:18:23,798][WARN ][logstash.config.source.multilocal] Ignoring the 'pipelines.yml' file because modules or command line options are specified
[2021-12-27T12:18:26,429][INFO ][logstash.agent           ] Successfully started Logstash API endpoint {:port=>9600, :ssl_enabled=>false}
[2021-12-27T12:18:27,132][INFO ][org.reflections.Reflections] Reflections took 130 ms to scan 1 urls, producing 119 keys and 417 values 
[2021-12-27T12:18:28,571][INFO ][logstash.javapipeline    ][main] Starting pipeline {:pipeline_id=>"main", "pipeline.workers"=>2, "pipeline.batch.size"=>125, "pipeline.batch.delay"=>50, "pipeline.max_inflight"=>250, "pipeline.sources"=>["/home/choihm9903/elastic/logstash/workshop.conf"], :thread=>"#<Thread:0x4679e95e run>"}
[2021-12-27T12:18:29,663][INFO ][logstash.javapipeline    ][main] Pipeline Java execution initialization time {"seconds"=>1.09}
[2021-12-27T12:18:29,785][INFO ][logstash.javapipeline    ][main] Pipeline started {"pipeline.id"=>"main"}
[2021-12-27T12:18:29,872][INFO ][logstash.agent           ] Pipelines running {:count=>1, :running_pipelines=>[:main], :non_running_pipelines=>[]}
[2021-12-27T12:18:38,642][WARN ][logstash.runner          ] SIGINT received. Shutting down.
[2021-12-27T12:18:38,808][INFO ][logstash.javapipeline    ][main] Pipeline terminated {"pipeline.id"=>"main"}
[2021-12-27T12:18:39,781][INFO ][logstash.runner          ] Logstash shut down.
[2021-12-27T12:19:54,135][INFO ][logstash.runner          ] Log4j configuration path used is: /home/choihm9903/elastic/logstash/config/log4j2.properties
[2021-12-27T12:19:54,155][INFO ][logstash.runner          ] Starting Logstash {"logstash.version"=>"7.16.2", "jruby.version"=>"jruby 9.2.20.1 (2.5.8) 2021-11-30 2a2962fbd1 OpenJDK 64-Bit Server VM 11.0.13+8 on 11.0.13+8 +indy +jit [linux-x86_64]"}
[2021-12-27T12:19:54,590][WARN ][logstash.config.source.multilocal] Ignoring the 'pipelines.yml' file because modules or command line options are specified
[2021-12-27T12:19:56,437][INFO ][logstash.agent           ] Successfully started Logstash API endpoint {:port=>9600, :ssl_enabled=>false}
[2021-12-27T12:19:57,232][INFO ][org.reflections.Reflections] Reflections took 140 ms to scan 1 urls, producing 119 keys and 417 values 
[2021-12-27T12:19:58,240][ERROR][logstash.inputs.tcp      ] Unknown setting 'pork' for tcp
[2021-12-27T12:19:58,251][ERROR][logstash.agent           ] Failed to execute action {:action=>LogStash::PipelineAction::Create/pipeline_id:main, :exception=>"Java::JavaLang::IllegalStateException", :message=>"Unable to configure plugins: (ConfigurationError) Something is wrong with your configuration.", :backtrace=>["org.logstash.config.ir.CompiledPipeline.<init>(CompiledPipeline.java:119)", "org.logstash.execution.JavaBasePipelineExt.initialize(JavaBasePipelineExt.java:86)", "org.logstash.execution.JavaBasePipelineExt$INVOKER$i$1$0$initialize.call(JavaBasePipelineExt$INVOKER$i$1$0$initialize.gen)", "org.jruby.internal.runtime.methods.JavaMethod$JavaMethodN.call(JavaMethod.java:837)", "org.jruby.ir.runtime.IRRuntimeHelpers.instanceSuper(IRRuntimeHelpers.java:1169)", "org.jruby.ir.runtime.IRRuntimeHelpers.instanceSuperSplatArgs(IRRuntimeHelpers.java:1156)", "org.jruby.ir.targets.InstanceSuperInvokeSite.invoke(InstanceSuperInvokeSite.java:39)", "home.choihm9903.elastic.logstash.logstash_minus_core.lib.logstash.java_pipeline.RUBY$method$initialize$0(/home/choihm9903/elastic/logstash/logstash-core/lib/logstash/java_pipeline.rb:47)", "org.jruby.internal.runtime.methods.CompiledIRMethod.call(CompiledIRMethod.java:80)", "org.jruby.internal.runtime.methods.MixedModeIRMethod.call(MixedModeIRMethod.java:70)", "org.jruby.runtime.callsite.CachingCallSite.cacheAndCall(CachingCallSite.java:333)", "org.jruby.runtime.callsite.CachingCallSite.call(CachingCallSite.java:87)", "org.jruby.RubyClass.newInstance(RubyClass.java:939)", "org.jruby.RubyClass$INVOKER$i$newInstance.call(RubyClass$INVOKER$i$newInstance.gen)", "org.jruby.ir.targets.InvokeSite.invoke(InvokeSite.java:207)", "home.choihm9903.elastic.logstash.logstash_minus_core.lib.logstash.pipeline_action.create.RUBY$method$execute$0(/home/choihm9903/elastic/logstash/logstash-core/lib/logstash/pipeline_action/create.rb:52)", "home.choihm9903.elastic.logstash.logstash_minus_core.lib.logstash.pipeline_action.create.RUBY$method$execute$0$__VARARGS__(/home/choihm9903/elastic/logstash/logstash-core/lib/logstash/pipeline_action/create.rb:50)", "org.jruby.internal.runtime.methods.CompiledIRMethod.call(CompiledIRMethod.java:80)", "org.jruby.internal.runtime.methods.MixedModeIRMethod.call(MixedModeIRMethod.java:70)", "org.jruby.ir.targets.InvokeSite.invoke(InvokeSite.java:207)", "home.choihm9903.elastic.logstash.logstash_minus_core.lib.logstash.agent.RUBY$block$converge_state$2(/home/choihm9903/elastic/logstash/logstash-core/lib/logstash/agent.rb:383)", "org.jruby.runtime.CompiledIRBlockBody.callDirect(CompiledIRBlockBody.java:138)", "org.jruby.runtime.IRBlockBody.call(IRBlockBody.java:58)", "org.jruby.runtime.IRBlockBody.call(IRBlockBody.java:52)", "org.jruby.runtime.Block.call(Block.java:139)", "org.jruby.RubyProc.call(RubyProc.java:318)", "org.jruby.internal.runtime.RubyRunnable.run(RubyRunnable.java:105)", "java.base/java.lang.Thread.run(Thread.java:829)"]}
[2021-12-27T12:19:58,266][ERROR][logstash.agent           ] An exception happened when converging configuration {:exception=>LogStash::Error, :message=>"Don't know how to handle `Java::JavaLang::IllegalStateException` for `PipelineAction::Create<main>`"}
[2021-12-27T12:19:58,278][FATAL][logstash.runner          ] An unexpected error occurred! {:error=>#<LogStash::Error: Don't know how to handle `Java::JavaLang::IllegalStateException` for `PipelineAction::Create<main>`>, :backtrace=>["org/logstash/execution/ConvergeResultExt.java:135:in `create'", "org/logstash/execution/ConvergeResultExt.java:60:in `add'", "/home/choihm9903/elastic/logstash/logstash-core/lib/logstash/agent.rb:396:in `block in converge_state'"]}
[2021-12-27T12:19:58,288][FATAL][org.logstash.Logstash    ] Logstash stopped processing because of an error: (SystemExit) exit
org.jruby.exceptions.SystemExit: (SystemExit) exit
	at org.jruby.RubyKernel.exit(org/jruby/RubyKernel.java:747) ~[jruby-complete-9.2.20.1.jar:?]
	at org.jruby.RubyKernel.exit(org/jruby/RubyKernel.java:710) ~[jruby-complete-9.2.20.1.jar:?]
	at home.choihm9903.elastic.logstash.lib.bootstrap.environment.<main>(/home/choihm9903/elastic/logstash/lib/bootstrap/environment.rb:94) ~[?:?]
[2021-12-27T12:21:09,622][INFO ][logstash.runner          ] Log4j configuration path used is: /home/choihm9903/elastic/logstash/config/log4j2.properties
[2021-12-27T12:21:09,668][INFO ][logstash.runner          ] Starting Logstash {"logstash.version"=>"7.16.2", "jruby.version"=>"jruby 9.2.20.1 (2.5.8) 2021-11-30 2a2962fbd1 OpenJDK 64-Bit Server VM 11.0.13+8 on 11.0.13+8 +indy +jit [linux-x86_64]"}
[2021-12-27T12:21:10,384][WARN ][logstash.config.source.multilocal] Ignoring the 'pipelines.yml' file because modules or command line options are specified
[2021-12-27T12:21:13,025][INFO ][logstash.agent           ] Successfully started Logstash API endpoint {:port=>9600, :ssl_enabled=>false}
[2021-12-27T12:21:13,941][INFO ][org.reflections.Reflections] Reflections took 233 ms to scan 1 urls, producing 119 keys and 417 values 
[2021-12-27T12:21:14,910][ERROR][logstash.inputs.tcp      ] Unknown setting 'pork' for tcp
[2021-12-27T12:21:14,923][ERROR][logstash.agent           ] Failed to execute action {:action=>LogStash::PipelineAction::Create/pipeline_id:main, :exception=>"Java::JavaLang::IllegalStateException", :message=>"Unable to configure plugins: (ConfigurationError) Something is wrong with your configuration.", :backtrace=>["org.logstash.config.ir.CompiledPipeline.<init>(CompiledPipeline.java:119)", "org.logstash.execution.JavaBasePipelineExt.initialize(JavaBasePipelineExt.java:86)", "org.logstash.execution.JavaBasePipelineExt$INVOKER$i$1$0$initialize.call(JavaBasePipelineExt$INVOKER$i$1$0$initialize.gen)", "org.jruby.internal.runtime.methods.JavaMethod$JavaMethodN.call(JavaMethod.java:837)", "org.jruby.ir.runtime.IRRuntimeHelpers.instanceSuper(IRRuntimeHelpers.java:1169)", "org.jruby.ir.runtime.IRRuntimeHelpers.instanceSuperSplatArgs(IRRuntimeHelpers.java:1156)", "org.jruby.ir.targets.InstanceSuperInvokeSite.invoke(InstanceSuperInvokeSite.java:39)", "home.choihm9903.elastic.logstash.logstash_minus_core.lib.logstash.java_pipeline.RUBY$method$initialize$0(/home/choihm9903/elastic/logstash/logstash-core/lib/logstash/java_pipeline.rb:47)", "org.jruby.internal.runtime.methods.CompiledIRMethod.call(CompiledIRMethod.java:80)", "org.jruby.internal.runtime.methods.MixedModeIRMethod.call(MixedModeIRMethod.java:70)", "org.jruby.runtime.callsite.CachingCallSite.cacheAndCall(CachingCallSite.java:333)", "org.jruby.runtime.callsite.CachingCallSite.call(CachingCallSite.java:87)", "org.jruby.RubyClass.newInstance(RubyClass.java:939)", "org.jruby.RubyClass$INVOKER$i$newInstance.call(RubyClass$INVOKER$i$newInstance.gen)", "org.jruby.ir.targets.InvokeSite.invoke(InvokeSite.java:207)", "home.choihm9903.elastic.logstash.logstash_minus_core.lib.logstash.pipeline_action.create.RUBY$method$execute$0(/home/choihm9903/elastic/logstash/logstash-core/lib/logstash/pipeline_action/create.rb:52)", "home.choihm9903.elastic.logstash.logstash_minus_core.lib.logstash.pipeline_action.create.RUBY$method$execute$0$__VARARGS__(/home/choihm9903/elastic/logstash/logstash-core/lib/logstash/pipeline_action/create.rb:50)", "org.jruby.internal.runtime.methods.CompiledIRMethod.call(CompiledIRMethod.java:80)", "org.jruby.internal.runtime.methods.MixedModeIRMethod.call(MixedModeIRMethod.java:70)", "org.jruby.ir.targets.InvokeSite.invoke(InvokeSite.java:207)", "home.choihm9903.elastic.logstash.logstash_minus_core.lib.logstash.agent.RUBY$block$converge_state$2(/home/choihm9903/elastic/logstash/logstash-core/lib/logstash/agent.rb:383)", "org.jruby.runtime.CompiledIRBlockBody.callDirect(CompiledIRBlockBody.java:138)", "org.jruby.runtime.IRBlockBody.call(IRBlockBody.java:58)", "org.jruby.runtime.IRBlockBody.call(IRBlockBody.java:52)", "org.jruby.runtime.Block.call(Block.java:139)", "org.jruby.RubyProc.call(RubyProc.java:318)", "org.jruby.internal.runtime.RubyRunnable.run(RubyRunnable.java:105)", "java.base/java.lang.Thread.run(Thread.java:829)"]}
[2021-12-27T12:21:14,937][ERROR][logstash.agent           ] An exception happened when converging configuration {:exception=>LogStash::Error, :message=>"Don't know how to handle `Java::JavaLang::IllegalStateException` for `PipelineAction::Create<main>`"}
[2021-12-27T12:21:14,948][FATAL][logstash.runner          ] An unexpected error occurred! {:error=>#<LogStash::Error: Don't know how to handle `Java::JavaLang::IllegalStateException` for `PipelineAction::Create<main>`>, :backtrace=>["org/logstash/execution/ConvergeResultExt.java:135:in `create'", "org/logstash/execution/ConvergeResultExt.java:60:in `add'", "/home/choihm9903/elastic/logstash/logstash-core/lib/logstash/agent.rb:396:in `block in converge_state'"]}
[2021-12-27T12:21:14,961][FATAL][org.logstash.Logstash    ] Logstash stopped processing because of an error: (SystemExit) exit
org.jruby.exceptions.SystemExit: (SystemExit) exit
	at org.jruby.RubyKernel.exit(org/jruby/RubyKernel.java:747) ~[jruby-complete-9.2.20.1.jar:?]
	at org.jruby.RubyKernel.exit(org/jruby/RubyKernel.java:710) ~[jruby-complete-9.2.20.1.jar:?]
	at home.choihm9903.elastic.logstash.lib.bootstrap.environment.<main>(/home/choihm9903/elastic/logstash/lib/bootstrap/environment.rb:94) ~[?:?]
[2021-12-27T12:23:41,479][INFO ][logstash.runner          ] Log4j configuration path used is: /home/choihm9903/elastic/logstash/config/log4j2.properties
[2021-12-27T12:23:41,494][INFO ][logstash.runner          ] Starting Logstash {"logstash.version"=>"7.16.2", "jruby.version"=>"jruby 9.2.20.1 (2.5.8) 2021-11-30 2a2962fbd1 OpenJDK 64-Bit Server VM 11.0.13+8 on 11.0.13+8 +indy +jit [linux-x86_64]"}
[2021-12-27T12:23:41,927][WARN ][logstash.config.source.multilocal] Ignoring the 'pipelines.yml' file because modules or command line options are specified
[2021-12-27T12:23:43,675][INFO ][logstash.agent           ] Successfully started Logstash API endpoint {:port=>9600, :ssl_enabled=>false}
[2021-12-27T12:23:44,655][INFO ][org.reflections.Reflections] Reflections took 139 ms to scan 1 urls, producing 119 keys and 417 values 
[2021-12-27T12:23:45,873][INFO ][logstash.outputs.elasticsearch][main] New Elasticsearch output {:class=>"LogStash::Outputs::ElasticSearch", :hosts=>["//34.64.205.98:9200"]}
[2021-12-27T12:23:46,309][INFO ][logstash.outputs.elasticsearch][main] Elasticsearch pool URLs updated {:changes=>{:removed=>[], :added=>[http://34.64.205.98:9200/]}}
[2021-12-27T12:23:46,824][WARN ][logstash.outputs.elasticsearch][main] Restored connection to ES instance {:url=>"http://34.64.205.98:9200/"}
[2021-12-27T12:23:46,864][INFO ][logstash.outputs.elasticsearch][main] Elasticsearch version determined (7.16.2) {:es_version=>7}
[2021-12-27T12:23:46,871][WARN ][logstash.outputs.elasticsearch][main] Detected a 6.x and above cluster: the `type` event field won't be used to determine the document _type {:es_version=>7}
[2021-12-27T12:23:47,007][WARN ][logstash.outputs.elasticsearch][main] Configuration is data stream compliant but due backwards compatibility Logstash 7.x will not assume writing to a data-stream, default behavior will change on Logstash 8.0 (set `data_stream => true/false` to disable this warning)
[2021-12-27T12:23:47,111][INFO ][logstash.outputs.elasticsearch][main] Using a default mapping template {:es_version=>7, :ecs_compatibility=>:disabled}
[2021-12-27T12:23:47,189][INFO ][logstash.outputs.elasticsearch][main] Installing Elasticsearch template {:name=>"logstash"}
[2021-12-27T12:23:47,203][INFO ][logstash.javapipeline    ][main] Starting pipeline {:pipeline_id=>"main", "pipeline.workers"=>2, "pipeline.batch.size"=>125, "pipeline.batch.delay"=>50, "pipeline.max_inflight"=>250, "pipeline.sources"=>["/home/choihm9903/elastic/logstash/workshop2.conf"], :thread=>"#<Thread:0x30b52d44 run>"}
[2021-12-27T12:23:48,636][INFO ][logstash.outputs.elasticsearch][main] Created rollover alias {:name=>"<logstash-{now/d}-000001>"}
[2021-12-27T12:23:48,695][INFO ][logstash.outputs.elasticsearch][main] Installing ILM policy {"policy"=>{"phases"=>{"hot"=>{"actions"=>{"rollover"=>{"max_size"=>"50gb", "max_age"=>"30d"}}}}}} {:name=>"logstash-policy"}
[2021-12-27T12:23:48,967][INFO ][logstash.javapipeline    ][main] Pipeline Java execution initialization time {"seconds"=>1.76}
[2021-12-27T12:23:49,177][INFO ][logstash.javapipeline    ][main] Pipeline started {"pipeline.id"=>"main"}
[2021-12-27T12:23:49,233][INFO ][logstash.agent           ] Pipelines running {:count=>1, :running_pipelines=>[:main], :non_running_pipelines=>[]}
