[2021-12-25T07:01:00,289][INFO ][o.e.n.Node               ] [elastic-1] version[7.16.2], pid[1559], build[default/tar/2b937c44140b6559905130a8650c64dbd0879cfb/2021-12-18T19:42:46.604893745Z], OS[Linux/3.10.0-1160.49.1.el7.x86_64/amd64], JVM[Eclipse Adoptium/OpenJDK 64-Bit Server VM/17.0.1/17.0.1+12]
[2021-12-25T07:01:00,296][INFO ][o.e.n.Node               ] [elastic-1] JVM home [/home/choihm9903/elastic/es-716/jdk], using bundled JDK [true]
[2021-12-25T07:01:00,297][INFO ][o.e.n.Node               ] [elastic-1] JVM arguments [-Xshare:auto, -Des.networkaddress.cache.ttl=60, -Des.networkaddress.cache.negative.ttl=10, -XX:+AlwaysPreTouch, -Xss1m, -Djava.awt.headless=true, -Dfile.encoding=UTF-8, -Djna.nosys=true, -XX:-OmitStackTraceInFastThrow, -XX:+ShowCodeDetailsInExceptionMessages, -Dio.netty.noUnsafe=true, -Dio.netty.noKeySetOptimization=true, -Dio.netty.recycler.maxCapacityPerThread=0, -Dio.netty.allocator.numDirectArenas=0, -Dlog4j.shutdownHookEnabled=false, -Dlog4j2.disable.jmx=true, -Dlog4j2.formatMsgNoLookups=true, -Djava.locale.providers=SPI,COMPAT, --add-opens=java.base/java.io=ALL-UNNAMED, -XX:+UseG1GC, -Djava.io.tmpdir=/tmp/elasticsearch-9322423183075359364, -XX:+HeapDumpOnOutOfMemoryError, -XX:+ExitOnOutOfMemoryError, -XX:HeapDumpPath=data, -XX:ErrorFile=logs/hs_err_pid%p.log, -Xlog:gc*,gc+age=trace,safepoint:file=logs/gc.log:utctime,pid,tags:filecount=32,filesize=64m, -Xms1893m, -Xmx1893m, -XX:MaxDirectMemorySize=993001472, -XX:G1HeapRegionSize=4m, -XX:InitiatingHeapOccupancyPercent=30, -XX:G1ReservePercent=15, -Des.path.home=/home/choihm9903/elastic/es-716, -Des.path.conf=/home/choihm9903/elastic/es-716/config, -Des.distribution.flavor=default, -Des.distribution.type=tar, -Des.bundled_jdk=true]
[2021-12-25T07:01:05,303][INFO ][o.e.p.PluginsService     ] [elastic-1] loaded module [aggs-matrix-stats]
[2021-12-25T07:01:05,304][INFO ][o.e.p.PluginsService     ] [elastic-1] loaded module [analysis-common]
[2021-12-25T07:01:05,305][INFO ][o.e.p.PluginsService     ] [elastic-1] loaded module [constant-keyword]
[2021-12-25T07:01:05,305][INFO ][o.e.p.PluginsService     ] [elastic-1] loaded module [frozen-indices]
[2021-12-25T07:01:05,305][INFO ][o.e.p.PluginsService     ] [elastic-1] loaded module [ingest-common]
[2021-12-25T07:01:05,306][INFO ][o.e.p.PluginsService     ] [elastic-1] loaded module [ingest-geoip]
[2021-12-25T07:01:05,306][INFO ][o.e.p.PluginsService     ] [elastic-1] loaded module [ingest-user-agent]
[2021-12-25T07:01:05,307][INFO ][o.e.p.PluginsService     ] [elastic-1] loaded module [kibana]
[2021-12-25T07:01:05,307][INFO ][o.e.p.PluginsService     ] [elastic-1] loaded module [lang-expression]
[2021-12-25T07:01:05,307][INFO ][o.e.p.PluginsService     ] [elastic-1] loaded module [lang-mustache]
[2021-12-25T07:01:05,308][INFO ][o.e.p.PluginsService     ] [elastic-1] loaded module [lang-painless]
[2021-12-25T07:01:05,308][INFO ][o.e.p.PluginsService     ] [elastic-1] loaded module [legacy-geo]
[2021-12-25T07:01:05,308][INFO ][o.e.p.PluginsService     ] [elastic-1] loaded module [mapper-extras]
[2021-12-25T07:01:05,309][INFO ][o.e.p.PluginsService     ] [elastic-1] loaded module [mapper-version]
[2021-12-25T07:01:05,309][INFO ][o.e.p.PluginsService     ] [elastic-1] loaded module [parent-join]
[2021-12-25T07:01:05,315][INFO ][o.e.p.PluginsService     ] [elastic-1] loaded module [percolator]
[2021-12-25T07:01:05,315][INFO ][o.e.p.PluginsService     ] [elastic-1] loaded module [rank-eval]
[2021-12-25T07:01:05,315][INFO ][o.e.p.PluginsService     ] [elastic-1] loaded module [reindex]
[2021-12-25T07:01:05,316][INFO ][o.e.p.PluginsService     ] [elastic-1] loaded module [repositories-metering-api]
[2021-12-25T07:01:05,316][INFO ][o.e.p.PluginsService     ] [elastic-1] loaded module [repository-encrypted]
[2021-12-25T07:01:05,317][INFO ][o.e.p.PluginsService     ] [elastic-1] loaded module [repository-url]
[2021-12-25T07:01:05,317][INFO ][o.e.p.PluginsService     ] [elastic-1] loaded module [runtime-fields-common]
[2021-12-25T07:01:05,317][INFO ][o.e.p.PluginsService     ] [elastic-1] loaded module [search-business-rules]
[2021-12-25T07:01:05,318][INFO ][o.e.p.PluginsService     ] [elastic-1] loaded module [searchable-snapshots]
[2021-12-25T07:01:05,318][INFO ][o.e.p.PluginsService     ] [elastic-1] loaded module [snapshot-repo-test-kit]
[2021-12-25T07:01:05,318][INFO ][o.e.p.PluginsService     ] [elastic-1] loaded module [spatial]
[2021-12-25T07:01:05,319][INFO ][o.e.p.PluginsService     ] [elastic-1] loaded module [transform]
[2021-12-25T07:01:05,319][INFO ][o.e.p.PluginsService     ] [elastic-1] loaded module [transport-netty4]
[2021-12-25T07:01:05,320][INFO ][o.e.p.PluginsService     ] [elastic-1] loaded module [unsigned-long]
[2021-12-25T07:01:05,320][INFO ][o.e.p.PluginsService     ] [elastic-1] loaded module [vector-tile]
[2021-12-25T07:01:05,320][INFO ][o.e.p.PluginsService     ] [elastic-1] loaded module [vectors]
[2021-12-25T07:01:05,321][INFO ][o.e.p.PluginsService     ] [elastic-1] loaded module [wildcard]
[2021-12-25T07:01:05,321][INFO ][o.e.p.PluginsService     ] [elastic-1] loaded module [x-pack-aggregate-metric]
[2021-12-25T07:01:05,322][INFO ][o.e.p.PluginsService     ] [elastic-1] loaded module [x-pack-analytics]
[2021-12-25T07:01:05,322][INFO ][o.e.p.PluginsService     ] [elastic-1] loaded module [x-pack-async]
[2021-12-25T07:01:05,322][INFO ][o.e.p.PluginsService     ] [elastic-1] loaded module [x-pack-async-search]
[2021-12-25T07:01:05,323][INFO ][o.e.p.PluginsService     ] [elastic-1] loaded module [x-pack-autoscaling]
[2021-12-25T07:01:05,323][INFO ][o.e.p.PluginsService     ] [elastic-1] loaded module [x-pack-ccr]
[2021-12-25T07:01:05,324][INFO ][o.e.p.PluginsService     ] [elastic-1] loaded module [x-pack-core]
[2021-12-25T07:01:05,324][INFO ][o.e.p.PluginsService     ] [elastic-1] loaded module [x-pack-data-streams]
[2021-12-25T07:01:05,325][INFO ][o.e.p.PluginsService     ] [elastic-1] loaded module [x-pack-deprecation]
[2021-12-25T07:01:05,325][INFO ][o.e.p.PluginsService     ] [elastic-1] loaded module [x-pack-enrich]
[2021-12-25T07:01:05,326][INFO ][o.e.p.PluginsService     ] [elastic-1] loaded module [x-pack-eql]
[2021-12-25T07:01:05,326][INFO ][o.e.p.PluginsService     ] [elastic-1] loaded module [x-pack-fleet]
[2021-12-25T07:01:05,326][INFO ][o.e.p.PluginsService     ] [elastic-1] loaded module [x-pack-graph]
[2021-12-25T07:01:05,327][INFO ][o.e.p.PluginsService     ] [elastic-1] loaded module [x-pack-identity-provider]
[2021-12-25T07:01:05,327][INFO ][o.e.p.PluginsService     ] [elastic-1] loaded module [x-pack-ilm]
[2021-12-25T07:01:05,327][INFO ][o.e.p.PluginsService     ] [elastic-1] loaded module [x-pack-logstash]
[2021-12-25T07:01:05,328][INFO ][o.e.p.PluginsService     ] [elastic-1] loaded module [x-pack-ml]
[2021-12-25T07:01:05,328][INFO ][o.e.p.PluginsService     ] [elastic-1] loaded module [x-pack-monitoring]
[2021-12-25T07:01:05,328][INFO ][o.e.p.PluginsService     ] [elastic-1] loaded module [x-pack-ql]
[2021-12-25T07:01:05,329][INFO ][o.e.p.PluginsService     ] [elastic-1] loaded module [x-pack-rollup]
[2021-12-25T07:01:05,329][INFO ][o.e.p.PluginsService     ] [elastic-1] loaded module [x-pack-security]
[2021-12-25T07:01:05,329][INFO ][o.e.p.PluginsService     ] [elastic-1] loaded module [x-pack-shutdown]
[2021-12-25T07:01:05,330][INFO ][o.e.p.PluginsService     ] [elastic-1] loaded module [x-pack-sql]
[2021-12-25T07:01:05,330][INFO ][o.e.p.PluginsService     ] [elastic-1] loaded module [x-pack-stack]
[2021-12-25T07:01:05,330][INFO ][o.e.p.PluginsService     ] [elastic-1] loaded module [x-pack-text-structure]
[2021-12-25T07:01:05,331][INFO ][o.e.p.PluginsService     ] [elastic-1] loaded module [x-pack-voting-only-node]
[2021-12-25T07:01:05,331][INFO ][o.e.p.PluginsService     ] [elastic-1] loaded module [x-pack-watcher]
[2021-12-25T07:01:05,332][INFO ][o.e.p.PluginsService     ] [elastic-1] no plugins loaded
[2021-12-25T07:01:05,388][INFO ][o.e.e.NodeEnvironment    ] [elastic-1] using [1] data paths, mounts [[/ (/dev/sda2)]], net usable_space [15.7gb], net total_space [19.7gb], types [xfs]
[2021-12-25T07:01:05,389][INFO ][o.e.e.NodeEnvironment    ] [elastic-1] heap size [1.8gb], compressed ordinary object pointers [true]
[2021-12-25T07:01:05,416][INFO ][o.e.n.Node               ] [elastic-1] node name [elastic-1], node ID [TR0lQvIWReGJkp_xkDEvkA], cluster name [elasticsearch], roles [transform, data_frozen, master, remote_cluster_client, data, ml, data_content, data_hot, data_warm, data_cold, ingest]
[2021-12-25T07:01:13,091][INFO ][o.e.x.m.p.l.CppLogMessageHandler] [elastic-1] [controller/1758] [Main.cc@122] controller (64 bit): Version 7.16.2 (Build 77e5cf03d1077d) Copyright (c) 2021 Elasticsearch BV
[2021-12-25T07:01:14,095][INFO ][o.e.x.s.a.s.FileRolesStore] [elastic-1] parsed [0] roles from file [/home/choihm9903/elastic/es-716/config/roles.yml]
[2021-12-25T07:01:15,712][INFO ][o.e.i.g.ConfigDatabases  ] [elastic-1] initialized default databases [[GeoLite2-Country.mmdb, GeoLite2-City.mmdb, GeoLite2-ASN.mmdb]], config databases [[]] and watching [/home/choihm9903/elastic/es-716/config/ingest-geoip] for changes
[2021-12-25T07:01:15,715][INFO ][o.e.i.g.DatabaseNodeService] [elastic-1] initialized database registry, using geoip-databases directory [/tmp/elasticsearch-9322423183075359364/geoip-databases/TR0lQvIWReGJkp_xkDEvkA]
[2021-12-25T07:01:16,652][INFO ][o.e.t.NettyAllocator     ] [elastic-1] creating NettyAllocator with the following configs: [name=elasticsearch_configured, chunk_size=1mb, suggested_max_allocation_size=1mb, factors={es.unsafe.use_netty_default_chunk_and_page_size=false, g1gc_enabled=true, g1gc_region_size=4mb}]
[2021-12-25T07:01:16,750][INFO ][o.e.d.DiscoveryModule    ] [elastic-1] using discovery type [zen] and seed hosts providers [settings]
[2021-12-25T07:01:17,426][INFO ][o.e.g.DanglingIndicesState] [elastic-1] gateway.auto_import_dangling_indices is disabled, dangling indices will not be automatically detected or imported and must be managed manually
[2021-12-25T07:01:18,155][INFO ][o.e.n.Node               ] [elastic-1] initialized
[2021-12-25T07:01:18,155][INFO ][o.e.n.Node               ] [elastic-1] starting ...
[2021-12-25T07:01:18,168][INFO ][o.e.x.s.c.f.PersistentCache] [elastic-1] persistent cache index loaded
[2021-12-25T07:01:18,169][INFO ][o.e.x.d.l.DeprecationIndexingComponent] [elastic-1] deprecation component started
[2021-12-25T07:01:18,332][INFO ][o.e.t.TransportService   ] [elastic-1] publish_address {127.0.0.1:9300}, bound_addresses {[::1]:9300}, {127.0.0.1:9300}
[2021-12-25T07:01:18,545][WARN ][o.e.b.BootstrapChecks    ] [elastic-1] max file descriptors [4096] for elasticsearch process is too low, increase to at least [65535]
[2021-12-25T07:01:18,546][WARN ][o.e.b.BootstrapChecks    ] [elastic-1] max virtual memory areas vm.max_map_count [65530] is too low, increase to at least [262144]
[2021-12-25T07:01:18,546][WARN ][o.e.b.BootstrapChecks    ] [elastic-1] the default discovery settings are unsuitable for production use; at least one of [discovery.seed_hosts, discovery.seed_providers, cluster.initial_master_nodes] must be configured
[2021-12-25T07:01:18,564][INFO ][o.e.c.c.ClusterBootstrapService] [elastic-1] no discovery configuration found, will perform best-effort cluster bootstrapping after [3s] unless existing master is discovered
[2021-12-25T07:01:21,567][INFO ][o.e.c.c.Coordinator      ] [elastic-1] setting initial configuration to VotingConfiguration{TR0lQvIWReGJkp_xkDEvkA}
[2021-12-25T07:01:21,740][INFO ][o.e.c.s.MasterService    ] [elastic-1] elected-as-master ([1] nodes joined)[{elastic-1}{TR0lQvIWReGJkp_xkDEvkA}{D4FHOyECTWmAu-0G5TjMDg}{127.0.0.1}{127.0.0.1:9300}{cdfhilmrstw} elect leader, _BECOME_MASTER_TASK_, _FINISH_ELECTION_], term: 1, version: 1, delta: master node changed {previous [], current [{elastic-1}{TR0lQvIWReGJkp_xkDEvkA}{D4FHOyECTWmAu-0G5TjMDg}{127.0.0.1}{127.0.0.1:9300}{cdfhilmrstw}]}
[2021-12-25T07:01:21,793][INFO ][o.e.c.c.CoordinationState] [elastic-1] cluster UUID set to [oZEI3dmKRJi_E6H2W5iXdA]
[2021-12-25T07:01:21,821][INFO ][o.e.c.s.ClusterApplierService] [elastic-1] master node changed {previous [], current [{elastic-1}{TR0lQvIWReGJkp_xkDEvkA}{D4FHOyECTWmAu-0G5TjMDg}{127.0.0.1}{127.0.0.1:9300}{cdfhilmrstw}]}, term: 1, version: 1, reason: Publication{term=1, version=1}
[2021-12-25T07:01:21,999][INFO ][o.e.h.AbstractHttpServerTransport] [elastic-1] publish_address {127.0.0.1:9200}, bound_addresses {[::1]:9200}, {127.0.0.1:9200}
[2021-12-25T07:01:22,000][INFO ][o.e.n.Node               ] [elastic-1] started
[2021-12-25T07:01:22,112][INFO ][o.e.g.GatewayService     ] [elastic-1] recovered [0] indices into cluster_state
[2021-12-25T07:01:22,481][INFO ][o.e.c.m.MetadataIndexTemplateService] [elastic-1] adding index template [.ml-state] for index patterns [.ml-state*]
[2021-12-25T07:01:22,734][INFO ][o.e.c.m.MetadataIndexTemplateService] [elastic-1] adding index template [.ml-anomalies-] for index patterns [.ml-anomalies-*]
[2021-12-25T07:01:22,808][INFO ][o.e.c.m.MetadataIndexTemplateService] [elastic-1] adding index template [.ml-notifications-000002] for index patterns [.ml-notifications-000002]
[2021-12-25T07:01:22,866][INFO ][o.e.c.m.MetadataIndexTemplateService] [elastic-1] adding index template [.ml-stats] for index patterns [.ml-stats-*]
[2021-12-25T07:01:22,947][INFO ][o.e.c.m.MetadataIndexTemplateService] [elastic-1] adding component template [metrics-mappings]
[2021-12-25T07:01:23,010][INFO ][o.e.c.m.MetadataIndexTemplateService] [elastic-1] adding component template [logs-mappings]
[2021-12-25T07:01:23,068][INFO ][o.e.c.m.MetadataIndexTemplateService] [elastic-1] adding component template [synthetics-settings]
[2021-12-25T07:01:23,129][INFO ][o.e.c.m.MetadataIndexTemplateService] [elastic-1] adding component template [synthetics-mappings]
[2021-12-25T07:01:23,181][INFO ][o.e.c.m.MetadataIndexTemplateService] [elastic-1] adding component template [logs-settings]
[2021-12-25T07:01:23,235][INFO ][o.e.c.m.MetadataIndexTemplateService] [elastic-1] adding component template [metrics-settings]
[2021-12-25T07:01:23,306][INFO ][o.e.c.m.MetadataIndexTemplateService] [elastic-1] adding component template [data-streams-mappings]
[2021-12-25T07:01:23,409][INFO ][o.e.c.m.MetadataIndexTemplateService] [elastic-1] adding index template [ilm-history] for index patterns [ilm-history-5*]
[2021-12-25T07:01:23,469][INFO ][o.e.c.m.MetadataIndexTemplateService] [elastic-1] adding index template [.slm-history] for index patterns [.slm-history-5*]
[2021-12-25T07:01:23,520][INFO ][o.e.c.m.MetadataIndexTemplateService] [elastic-1] adding component template [.deprecation-indexing-settings]
[2021-12-25T07:01:23,565][INFO ][o.e.c.m.MetadataIndexTemplateService] [elastic-1] adding component template [.deprecation-indexing-mappings]
[2021-12-25T07:01:23,630][INFO ][o.e.c.m.MetadataIndexTemplateService] [elastic-1] adding index template [.watch-history-13] for index patterns [.watcher-history-13*]
[2021-12-25T07:01:23,698][INFO ][o.e.c.m.MetadataIndexTemplateService] [elastic-1] adding template [.monitoring-alerts-7] for index patterns [.monitoring-alerts-7]
[2021-12-25T07:01:23,802][INFO ][o.e.c.m.MetadataIndexTemplateService] [elastic-1] adding template [.monitoring-es] for index patterns [.monitoring-es-7-*]
[2021-12-25T07:01:23,887][INFO ][o.e.c.m.MetadataIndexTemplateService] [elastic-1] adding template [.monitoring-kibana] for index patterns [.monitoring-kibana-7-*]
[2021-12-25T07:01:23,954][INFO ][o.e.c.m.MetadataIndexTemplateService] [elastic-1] adding template [.monitoring-logstash] for index patterns [.monitoring-logstash-7-*]
[2021-12-25T07:01:24,038][INFO ][o.e.c.m.MetadataIndexTemplateService] [elastic-1] adding template [.monitoring-beats] for index patterns [.monitoring-beats-7-*]
[2021-12-25T07:01:24,174][INFO ][o.e.c.m.MetadataIndexTemplateService] [elastic-1] adding index template [metrics] for index patterns [metrics-*-*]
[2021-12-25T07:01:24,331][INFO ][o.e.c.m.MetadataIndexTemplateService] [elastic-1] adding index template [logs] for index patterns [logs-*-*]
[2021-12-25T07:01:24,487][INFO ][o.e.c.m.MetadataIndexTemplateService] [elastic-1] adding index template [synthetics] for index patterns [synthetics-*-*]
[2021-12-25T07:01:24,545][INFO ][o.e.c.m.MetadataIndexTemplateService] [elastic-1] adding index template [.deprecation-indexing-template] for index patterns [.logs-deprecation.*]
[2021-12-25T07:01:24,595][INFO ][o.e.x.i.a.TransportPutLifecycleAction] [elastic-1] adding index lifecycle policy [ml-size-based-ilm-policy]
[2021-12-25T07:01:24,651][INFO ][o.e.x.i.a.TransportPutLifecycleAction] [elastic-1] adding index lifecycle policy [logs]
[2021-12-25T07:01:24,702][INFO ][o.e.x.i.a.TransportPutLifecycleAction] [elastic-1] adding index lifecycle policy [metrics]
[2021-12-25T07:01:24,752][INFO ][o.e.x.i.a.TransportPutLifecycleAction] [elastic-1] adding index lifecycle policy [synthetics]
[2021-12-25T07:01:24,796][INFO ][o.e.x.i.a.TransportPutLifecycleAction] [elastic-1] adding index lifecycle policy [180-days-default]
[2021-12-25T07:01:24,859][INFO ][o.e.x.i.a.TransportPutLifecycleAction] [elastic-1] adding index lifecycle policy [30-days-default]
[2021-12-25T07:01:24,901][INFO ][o.e.x.i.a.TransportPutLifecycleAction] [elastic-1] adding index lifecycle policy [365-days-default]
[2021-12-25T07:01:24,947][INFO ][o.e.x.i.a.TransportPutLifecycleAction] [elastic-1] adding index lifecycle policy [7-days-default]
[2021-12-25T07:01:24,996][INFO ][o.e.x.i.a.TransportPutLifecycleAction] [elastic-1] adding index lifecycle policy [90-days-default]
[2021-12-25T07:01:25,045][INFO ][o.e.x.i.a.TransportPutLifecycleAction] [elastic-1] adding index lifecycle policy [ilm-history-ilm-policy]
[2021-12-25T07:01:25,094][INFO ][o.e.x.i.a.TransportPutLifecycleAction] [elastic-1] adding index lifecycle policy [watch-history-ilm-policy]
[2021-12-25T07:01:25,136][INFO ][o.e.x.i.a.TransportPutLifecycleAction] [elastic-1] adding index lifecycle policy [slm-history-ilm-policy]
[2021-12-25T07:01:25,183][INFO ][o.e.x.i.a.TransportPutLifecycleAction] [elastic-1] adding index lifecycle policy [.deprecation-indexing-ilm-policy]
[2021-12-25T07:01:25,228][INFO ][o.e.x.i.a.TransportPutLifecycleAction] [elastic-1] adding index lifecycle policy [.fleet-actions-results-ilm-policy]
[2021-12-25T07:01:25,318][INFO ][o.e.i.g.GeoIpDownloader  ] [elastic-1] updating geoip databases
[2021-12-25T07:01:25,319][INFO ][o.e.i.g.GeoIpDownloader  ] [elastic-1] fetching geoip databases overview from [https://geoip.elastic.co/v1/database?elastic_geoip_service_tos=agree]
[2021-12-25T07:01:25,445][INFO ][o.e.l.LicenseService     ] [elastic-1] license [d0c44d19-74f2-4d23-8f79-6e731e4f7778] mode [basic] - valid
[2021-12-25T07:01:25,447][INFO ][o.e.x.s.s.SecurityStatusChangeListener] [elastic-1] Active license is now [BASIC]; Security is disabled
[2021-12-25T07:01:25,447][WARN ][o.e.x.s.s.SecurityStatusChangeListener] [elastic-1] Elasticsearch built-in security features are not enabled. Without authentication, your cluster could be accessible to anyone. See https://www.elastic.co/guide/en/elasticsearch/reference/7.16/security-minimal-setup.html to enable security.
[2021-12-25T07:01:25,731][INFO ][o.e.c.m.MetadataCreateIndexService] [elastic-1] [.ds-.logs-deprecation.elasticsearch-default-2021.12.25-000001] creating index, cause [initialize_data_stream], templates [.deprecation-indexing-template], shards [1]/[1]
[2021-12-25T07:01:25,745][INFO ][o.e.c.r.a.AllocationService] [elastic-1] updating number_of_replicas to [0] for indices [.ds-.logs-deprecation.elasticsearch-default-2021.12.25-000001]
[2021-12-25T07:01:25,761][INFO ][o.e.c.m.MetadataCreateDataStreamService] [elastic-1] adding data stream [.logs-deprecation.elasticsearch-default] with write index [.ds-.logs-deprecation.elasticsearch-default-2021.12.25-000001], backing indices [], and aliases []
[2021-12-25T07:01:25,943][INFO ][o.e.x.i.IndexLifecycleTransition] [elastic-1] moving index [.ds-.logs-deprecation.elasticsearch-default-2021.12.25-000001] from [null] to [{"phase":"new","action":"complete","name":"complete"}] in policy [.deprecation-indexing-ilm-policy]
[2021-12-25T07:01:26,034][INFO ][o.e.x.i.IndexLifecycleTransition] [elastic-1] moving index [.ds-.logs-deprecation.elasticsearch-default-2021.12.25-000001] from [{"phase":"new","action":"complete","name":"complete"}] to [{"phase":"hot","action":"unfollow","name":"branch-check-unfollow-prerequisites"}] in policy [.deprecation-indexing-ilm-policy]
[2021-12-25T07:01:26,117][INFO ][o.e.x.i.IndexLifecycleTransition] [elastic-1] moving index [.ds-.logs-deprecation.elasticsearch-default-2021.12.25-000001] from [{"phase":"hot","action":"unfollow","name":"branch-check-unfollow-prerequisites"}] to [{"phase":"hot","action":"rollover","name":"check-rollover-ready"}] in policy [.deprecation-indexing-ilm-policy]
[2021-12-25T07:01:26,173][INFO ][o.e.c.r.a.AllocationService] [elastic-1] Cluster health status changed from [YELLOW] to [GREEN] (reason: [shards started [[.ds-.logs-deprecation.elasticsearch-default-2021.12.25-000001][0]]]).
[2021-12-25T07:01:26,289][INFO ][o.e.i.g.GeoIpDownloader  ] [elastic-1] updating geoip database [GeoLite2-ASN.mmdb]
[2021-12-25T07:01:26,304][INFO ][o.e.c.m.MetadataMappingService] [elastic-1] [.ds-.logs-deprecation.elasticsearch-default-2021.12.25-000001/PMrc1UCJQiOjW42cqIURXw] update_mapping [_doc]
[2021-12-25T07:01:26,788][INFO ][o.e.c.m.MetadataCreateIndexService] [elastic-1] [.geoip_databases] creating index, cause [auto(bulk api)], templates [], shards [1]/[0]
[2021-12-25T07:01:26,938][INFO ][o.e.c.r.a.AllocationService] [elastic-1] Cluster health status changed from [YELLOW] to [GREEN] (reason: [shards started [[.geoip_databases][0]]]).
[2021-12-25T07:01:27,459][INFO ][o.e.i.g.DatabaseNodeService] [elastic-1] downloading geoip database [GeoLite2-ASN.mmdb] to [/tmp/elasticsearch-9322423183075359364/geoip-databases/TR0lQvIWReGJkp_xkDEvkA/GeoLite2-ASN.mmdb.tmp.gz]
[2021-12-25T07:01:27,495][INFO ][o.e.i.g.GeoIpDownloader  ] [elastic-1] updated geoip database [GeoLite2-ASN.mmdb]
[2021-12-25T07:01:27,522][INFO ][o.e.i.g.GeoIpDownloader  ] [elastic-1] updating geoip database [GeoLite2-City.mmdb]
[2021-12-25T07:01:27,860][INFO ][o.e.i.g.DatabaseNodeService] [elastic-1] successfully reloaded changed geoip database file [/tmp/elasticsearch-9322423183075359364/geoip-databases/TR0lQvIWReGJkp_xkDEvkA/GeoLite2-ASN.mmdb]
[2021-12-25T07:01:30,267][INFO ][o.e.i.g.DatabaseNodeService] [elastic-1] downloading geoip database [GeoLite2-City.mmdb] to [/tmp/elasticsearch-9322423183075359364/geoip-databases/TR0lQvIWReGJkp_xkDEvkA/GeoLite2-City.mmdb.tmp.gz]
[2021-12-25T07:01:30,292][INFO ][o.e.i.g.GeoIpDownloader  ] [elastic-1] updated geoip database [GeoLite2-City.mmdb]
[2021-12-25T07:01:30,293][INFO ][o.e.i.g.GeoIpDownloader  ] [elastic-1] updating geoip database [GeoLite2-Country.mmdb]
[2021-12-25T07:01:30,707][INFO ][o.e.c.m.MetadataCreateIndexService] [elastic-1] [.ds-ilm-history-5-2021.12.25-000001] creating index, cause [initialize_data_stream], templates [ilm-history], shards [1]/[0]
[2021-12-25T07:01:30,727][INFO ][o.e.c.m.MetadataCreateDataStreamService] [elastic-1] adding data stream [ilm-history-5] with write index [.ds-ilm-history-5-2021.12.25-000001], backing indices [], and aliases []
[2021-12-25T07:01:30,878][INFO ][o.e.x.i.IndexLifecycleTransition] [elastic-1] moving index [.ds-ilm-history-5-2021.12.25-000001] from [null] to [{"phase":"new","action":"complete","name":"complete"}] in policy [ilm-history-ilm-policy]
[2021-12-25T07:01:31,157][INFO ][o.e.c.r.a.AllocationService] [elastic-1] Cluster health status changed from [YELLOW] to [GREEN] (reason: [shards started [[.ds-ilm-history-5-2021.12.25-000001][0]]]).
[2021-12-25T07:01:31,255][INFO ][o.e.x.i.IndexLifecycleTransition] [elastic-1] moving index [.ds-ilm-history-5-2021.12.25-000001] from [{"phase":"new","action":"complete","name":"complete"}] to [{"phase":"hot","action":"unfollow","name":"branch-check-unfollow-prerequisites"}] in policy [ilm-history-ilm-policy]
[2021-12-25T07:01:31,611][INFO ][o.e.i.g.DatabaseNodeService] [elastic-1] successfully reloaded changed geoip database file [/tmp/elasticsearch-9322423183075359364/geoip-databases/TR0lQvIWReGJkp_xkDEvkA/GeoLite2-City.mmdb]
[2021-12-25T07:01:31,709][INFO ][o.e.i.g.DatabaseNodeService] [elastic-1] downloading geoip database [GeoLite2-Country.mmdb] to [/tmp/elasticsearch-9322423183075359364/geoip-databases/TR0lQvIWReGJkp_xkDEvkA/GeoLite2-Country.mmdb.tmp.gz]
[2021-12-25T07:01:31,741][INFO ][o.e.x.i.IndexLifecycleTransition] [elastic-1] moving index [.ds-ilm-history-5-2021.12.25-000001] from [{"phase":"hot","action":"unfollow","name":"branch-check-unfollow-prerequisites"}] to [{"phase":"hot","action":"rollover","name":"check-rollover-ready"}] in policy [ilm-history-ilm-policy]
[2021-12-25T07:01:31,743][INFO ][o.e.i.g.GeoIpDownloader  ] [elastic-1] updated geoip database [GeoLite2-Country.mmdb]
[2021-12-25T07:01:31,830][INFO ][o.e.i.g.DatabaseNodeService] [elastic-1] successfully reloaded changed geoip database file [/tmp/elasticsearch-9322423183075359364/geoip-databases/TR0lQvIWReGJkp_xkDEvkA/GeoLite2-Country.mmdb]
[2021-12-25T07:03:35,660][INFO ][o.e.x.m.p.NativeController] [elastic-1] Native controller process has stopped - no new native processes can be started
[2021-12-25T07:03:35,661][INFO ][o.e.n.Node               ] [elastic-1] stopping ...
[2021-12-25T07:03:35,664][INFO ][o.e.x.w.WatcherService   ] [elastic-1] stopping watch service, reason [shutdown initiated]
[2021-12-25T07:03:35,665][INFO ][o.e.x.w.WatcherLifeCycleService] [elastic-1] watcher has stopped and shutdown
[2021-12-25T07:03:35,829][INFO ][o.e.n.Node               ] [elastic-1] stopped
[2021-12-25T07:03:35,829][INFO ][o.e.n.Node               ] [elastic-1] closing ...
[2021-12-25T07:03:35,844][INFO ][o.e.i.g.DatabaseReaderLazyLoader] [elastic-1] evicted [0] entries from cache after reloading database [/tmp/elasticsearch-9322423183075359364/geoip-databases/TR0lQvIWReGJkp_xkDEvkA/GeoLite2-Country.mmdb]
[2021-12-25T07:03:35,844][INFO ][o.e.i.g.DatabaseReaderLazyLoader] [elastic-1] evicted [0] entries from cache after reloading database [/tmp/elasticsearch-9322423183075359364/geoip-databases/TR0lQvIWReGJkp_xkDEvkA/GeoLite2-ASN.mmdb]
[2021-12-25T07:03:35,844][INFO ][o.e.i.g.DatabaseReaderLazyLoader] [elastic-1] evicted [0] entries from cache after reloading database [/tmp/elasticsearch-9322423183075359364/geoip-databases/TR0lQvIWReGJkp_xkDEvkA/GeoLite2-City.mmdb]
[2021-12-25T07:03:35,846][INFO ][o.e.n.Node               ] [elastic-1] closed
